<?xml version="1.0" encoding="UTF-8"?>
<coverage generated="1767453887761" clover="3.2.0">
  <project timestamp="1767453887762" name="All files">
    <metrics statements="14" coveredstatements="10" conditionals="2" coveredconditionals="0" methods="2" coveredmethods="1" elements="18" coveredelements="11" complexity="0" loc="14" ncloc="14" packages="2" files="3" classes="3"/>
    <package name="src">
      <metrics statements="10" coveredstatements="6" conditionals="2" coveredconditionals="0" methods="1" coveredmethods="0"/>
      <file name="app.ts" path="/mnt/diskD/DEV Store/spinning/spinning/spinning-backend/src/app.ts">
        <metrics statements="6" coveredstatements="6" conditionals="0" coveredconditionals="0" methods="0" coveredmethods="0"/>
        <line num="1" count="1" type="stmt"/>
        <line num="2" count="1" type="stmt"/>
        <line num="4" count="1" type="stmt"/>
        <line num="5" count="1" type="stmt"/>
        <line num="6" count="1" type="stmt"/>
        <line num="8" count="1" type="stmt"/>
      </file>
      <file name="index.ts" path="/mnt/diskD/DEV Store/spinning/spinning/spinning-backend/src/index.ts">
        <metrics statements="4" coveredstatements="0" conditionals="2" coveredconditionals="0" methods="1" coveredmethods="0"/>
        <line num="1" count="0" type="stmt"/>
        <line num="2" count="0" type="cond" truecount="0" falsecount="2"/>
        <line num="3" count="0" type="stmt"/>
        <line num="4" count="0" type="stmt"/>
      </file>
    </package>
    <package name="src.routes">
      <metrics statements="4" coveredstatements="4" conditionals="0" coveredconditionals="0" methods="1" coveredmethods="1"/>
      <file name="health.ts" path="/mnt/diskD/DEV Store/spinning/spinning/spinning-backend/src/routes/health.ts">
        <metrics statements="4" coveredstatements="4" conditionals="0" coveredconditionals="0" methods="1" coveredmethods="1"/>
        <line num="1" count="1" type="stmt"/>
        <line num="2" count="1" type="stmt"/>
        <line num="3" count="1" type="stmt"/>
        <line num="4" count="1" type="stmt"/>
      </file>
    </package>
  </project>
</coverage>
